<html>
<head>
<title>TestNG:  Test2</title>
<link href="../testng.css" rel="stylesheet" type="text/css" />
<link href="../my-testng.css" rel="stylesheet" type="text/css" />

<style type="text/css">
.log { display: none;} 
.stack-trace { display: none;} 
</style>
<script type="text/javascript">
<!--
function flip(e) {
  current = e.style.display;
  if (current == 'block') {
    e.style.display = 'none';
    return 0;
  }
  else {
    e.style.display = 'block';
    return 1;
  }
}

function toggleBox(szDivId, elem, msg1, msg2)
{
  var res = -1;  if (document.getElementById) {
    res = flip(document.getElementById(szDivId));
  }
  else if (document.all) {
    // this is the way old msie versions work
    res = flip(document.all[szDivId]);
  }
  if(elem) {
    if(res == 0) elem.innerHTML = msg1; else elem.innerHTML = msg2;
  }

}

function toggleAllBoxes() {
  if (document.getElementsByTagName) {
    d = document.getElementsByTagName('div');
    for (i = 0; i < d.length; i++) {
      if (d[i].className == 'log') {
        flip(d[i]);
      }
    }
  }
}

// -->
</script>

</head>
<body>
<h2 align='center'>Test2</h2><table border='1' align="center">
<tr>
<td>Tests passed/Failed/Skipped:</td><td>25/1/2</td>
</tr><tr>
<td>Started on:</td><td>Thu Sep 19 14:23:19 IST 2019</td>
</tr>
<tr><td>Total time:</td><td>35 seconds (35143 ms)</td>
</tr><tr>
<td>Included groups:</td><td></td>
</tr><tr>
<td>Excluded groups:</td><td></td>
</tr>
</table><p/>
<small><i>(Hover the method name to see the test class name)</i></small><p/>
<table width='100%' border='1' class='invocation-failed'>
<tr><td colspan='4' align='center'><b>FAILED CONFIGURATIONS</b></td></tr>
<tr><td><b>Test method</b></td>
<td width="30%"><b>Exception</b></td>
<td width="10%"><b>Time (seconds)</b></td>
<td><b>Instance</b></td>
</tr>
<tr>
<td title='com.test.GoogleFeatureTest.setup()'><b>setup</b><br>Test class: com.test.GoogleFeatureTest</td>
<td><div><pre>org.openqa.selenium.NoSuchSessionException: invalid session id
Build info: version: &apos;3.141.59&apos;, revision: &apos;e82be7d358&apos;, time: &apos;2018-11-14T08:25:48&apos;
System info: host: &apos;OMGINDIA244&apos;, ip: &apos;192.168.28.37&apos;, os.name: &apos;Windows 10&apos;, os.arch: &apos;amd64&apos;, os.version: &apos;10.0&apos;, java.version: &apos;1.8.0_201&apos;
Driver info: org.openqa.selenium.chrome.ChromeDriver
Capabilities {acceptInsecureCerts: false, browserName: chrome, browserVersion: 76.0.3809.132, chrome: {chromedriverVersion: 75.0.3770.90 (a6dcaf7e3ec6f..., userDataDir: C:\Users\JYOTI~1.SAJ\AppDat...}, goog:chromeOptions: {debuggerAddress: localhost:53973}, javascriptEnabled: true, networkConnectionEnabled: false, pageLoadStrategy: normal, platform: XP, platformName: XP, proxy: Proxy(), setWindowRect: true, strictFileInteractability: false, timeouts: {implicit: 0, pageLoad: 300000, script: 30000}, unhandledPromptBehavior: dismiss and notify}
	at org.openqa.selenium.remote.http.W3CHttpResponseCodec.createException(W3CHttpResponseCodec.java:187)
	at org.openqa.selenium.remote.http.W3CHttpResponseCodec.decode(W3CHttpResponseCodec.java:122)
	at org.openqa.selenium.remote.http.W3CHttpResponseCodec.decode(W3CHttpResponseCodec.java:49)
	at org.openqa.selenium.remote.HttpCommandExecutor.execute(HttpCommandExecutor.java:158)
	at org.openqa.selenium.remote.service.DriverCommandExecutor.execute(DriverCommandExecutor.java:83)
	at org.openqa.selenium.remote.RemoteWebDriver.execute(RemoteWebDriver.java:552)
	at org.openqa.selenium.remote.RemoteWebDriver.get(RemoteWebDriver.java:277)
	at com.test.GoogleFeatureTest.setup(GoogleFeatureTest.java:24)
	at java.util.concurrent.ThreadPoolExecutor.runWorker(Unknown Source)
	at java.util.concurrent.ThreadPoolExecutor$Worker.run(Unknown Source)
	at java.lang.Thread.run(Unknown Source)
... Removed 16 stack frames</pre></div><a href='#' onClick='toggleBox("stack-trace571750973", this, "Click to show all stack frames", "Click to hide stack frames")'>Click to show all stack frames</a>
<div class='stack-trace' id='stack-trace571750973'><pre>org.openqa.selenium.NoSuchSessionException: invalid session id
Build info: version: &apos;3.141.59&apos;, revision: &apos;e82be7d358&apos;, time: &apos;2018-11-14T08:25:48&apos;
System info: host: &apos;OMGINDIA244&apos;, ip: &apos;192.168.28.37&apos;, os.name: &apos;Windows 10&apos;, os.arch: &apos;amd64&apos;, os.version: &apos;10.0&apos;, java.version: &apos;1.8.0_201&apos;
Driver info: org.openqa.selenium.chrome.ChromeDriver
Capabilities {acceptInsecureCerts: false, browserName: chrome, browserVersion: 76.0.3809.132, chrome: {chromedriverVersion: 75.0.3770.90 (a6dcaf7e3ec6f..., userDataDir: C:\Users\JYOTI~1.SAJ\AppDat...}, goog:chromeOptions: {debuggerAddress: localhost:53973}, javascriptEnabled: true, networkConnectionEnabled: false, pageLoadStrategy: normal, platform: XP, platformName: XP, proxy: Proxy(), setWindowRect: true, strictFileInteractability: false, timeouts: {implicit: 0, pageLoad: 300000, script: 30000}, unhandledPromptBehavior: dismiss and notify}
	at sun.reflect.NativeConstructorAccessorImpl.newInstance0(Native Method)
	at sun.reflect.NativeConstructorAccessorImpl.newInstance(Unknown Source)
	at sun.reflect.DelegatingConstructorAccessorImpl.newInstance(Unknown Source)
	at java.lang.reflect.Constructor.newInstance(Unknown Source)
	at org.openqa.selenium.remote.http.W3CHttpResponseCodec.createException(W3CHttpResponseCodec.java:187)
	at org.openqa.selenium.remote.http.W3CHttpResponseCodec.decode(W3CHttpResponseCodec.java:122)
	at org.openqa.selenium.remote.http.W3CHttpResponseCodec.decode(W3CHttpResponseCodec.java:49)
	at org.openqa.selenium.remote.HttpCommandExecutor.execute(HttpCommandExecutor.java:158)
	at org.openqa.selenium.remote.service.DriverCommandExecutor.execute(DriverCommandExecutor.java:83)
	at org.openqa.selenium.remote.RemoteWebDriver.execute(RemoteWebDriver.java:552)
	at org.openqa.selenium.remote.RemoteWebDriver.get(RemoteWebDriver.java:277)
	at com.test.GoogleFeatureTest.setup(GoogleFeatureTest.java:24)
	at sun.reflect.NativeMethodAccessorImpl.invoke0(Native Method)
	at sun.reflect.NativeMethodAccessorImpl.invoke(Unknown Source)
	at sun.reflect.DelegatingMethodAccessorImpl.invoke(Unknown Source)
	at java.lang.reflect.Method.invoke(Unknown Source)
	at org.testng.internal.MethodInvocationHelper.invokeMethod(MethodInvocationHelper.java:86)
	at org.testng.internal.Invoker.invokeConfigurationMethod(Invoker.java:515)
	at org.testng.internal.Invoker.invokeConfigurations(Invoker.java:216)
	at org.testng.internal.Invoker.invokeMethod(Invoker.java:590)
	at org.testng.internal.Invoker.invokeTestMethod(Invoker.java:823)
	at org.testng.internal.Invoker.invokeTestMethods(Invoker.java:1131)
	at org.testng.internal.TestMethodWorker.invokeTestMethods(TestMethodWorker.java:129)
	at org.testng.internal.TestMethodWorker.run(TestMethodWorker.java:112)
	at java.util.concurrent.ThreadPoolExecutor.runWorker(Unknown Source)
	at java.util.concurrent.ThreadPoolExecutor$Worker.run(Unknown Source)
	at java.lang.Thread.run(Unknown Source)
</pre></div></td>
<td>0</td>
<td>com.test.GoogleFeatureTest@5622fdf</td></tr>
</table><p>
<table width='100%' border='1' class='invocation-skipped'>
<tr><td colspan='4' align='center'><b>SKIPPED CONFIGURATIONS</b></td></tr>
<tr><td><b>Test method</b></td>
<td width="30%"><b>Exception</b></td>
<td width="10%"><b>Time (seconds)</b></td>
<td><b>Instance</b></td>
</tr>
<tr>
<td title='com.test.GoogleFeatureTest.tearDown()'><b>tearDown</b><br>Test class: com.test.GoogleFeatureTest</td>
<td></td>
<td>0</td>
<td>com.test.GoogleFeatureTest@5622fdf</td></tr>
<tr>
<td title='com.test.GoogleFeatureTest.tearDown()'><b>tearDown</b><br>Test class: com.test.GoogleFeatureTest</td>
<td></td>
<td>0</td>
<td>com.test.GoogleFeatureTest@5622fdf</td></tr>
</table><p>
<table width='100%' border='1' class='invocation-failed'>
<tr><td colspan='4' align='center'><b>FAILED TESTS</b></td></tr>
<tr><td><b>Test method</b></td>
<td width="30%"><b>Exception</b></td>
<td width="10%"><b>Time (seconds)</b></td>
<td><b>Instance</b></td>
</tr>
<tr>
<td title='com.test.ExceptionTimeOutTest.infintLoopTest()'><b>infintLoopTest</b><br>Test class: com.test.ExceptionTimeOutTest</td>
<td><div><pre>org.testng.internal.thread.ThreadTimeoutException: Method org.testng.internal.TestNGMethod.infintLoopTest() didn&apos;t finish within the time-out 2
</pre></div><a href='#' onClick='toggleBox("stack-trace407692638", this, "Click to show all stack frames", "Click to hide stack frames")'>Click to show all stack frames</a>
<div class='stack-trace' id='stack-trace407692638'><pre>org.testng.internal.thread.ThreadTimeoutException: Method org.testng.internal.TestNGMethod.infintLoopTest() didn&apos;t finish within the time-out 2
</pre></div></td>
<td>0</td>
<td>com.test.ExceptionTimeOutTest@6a41eaa2</td></tr>
</table><p>
<table width='100%' border='1' class='invocation-passed'>
<tr><td colspan='4' align='center'><b>PASSED TESTS</b></td></tr>
<tr><td><b>Test method</b></td>
<td width="30%"><b>Exception</b></td>
<td width="10%"><b>Time (seconds)</b></td>
<td><b>Instance</b></td>
</tr>
<tr>
<td title='com.test.TestNgFeatures.HomePageTest()'><b>HomePageTest</b><br>Test class: com.test.TestNgFeatures</td>
<td></td>
<td>0</td>
<td>com.test.TestNgFeatures@7cd62f43</td></tr>
<tr>
<td title='com.test.TestNgFeatures.Login()'><b>Login</b><br>Test class: com.test.TestNgFeatures</td>
<td></td>
<td>16</td>
<td>com.test.TestNgFeatures@7cd62f43</td></tr>
<tr>
<td title='com.test.TestNgFeatures.RegisPageTest()'><b>RegisPageTest</b><br>Test class: com.test.TestNgFeatures</td>
<td></td>
<td>0</td>
<td>com.test.TestNgFeatures@7cd62f43</td></tr>
<tr>
<td title='com.test.TestNgFeatures.SearchPageTest()'><b>SearchPageTest</b><br>Test class: com.test.TestNgFeatures</td>
<td></td>
<td>0</td>
<td>com.test.TestNgFeatures@7cd62f43</td></tr>
<tr>
<td title='com.test.GoogleTittleTest.googleLogoText()'><b>googleLogoText</b><br>Test class: com.test.GoogleTittleTest</td>
<td></td>
<td>0</td>
<td>com.test.GoogleTittleTest@6d4b1c02</td></tr>
<tr>
<td title='com.test.TestNgBasics.googleTittleTest()'><b>googleTittleTest</b><br>Test class: com.test.TestNgBasics</td>
<td></td>
<td>0</td>
<td>com.test.TestNgBasics@6a4f787b</td></tr>
<tr>
<td title='com.test.GoogleTittleTest.googleTittleTest()'><b>googleTittleTest</b><br>Test class: com.test.GoogleTittleTest</td>
<td></td>
<td>0</td>
<td>com.test.GoogleTittleTest@6d4b1c02</td></tr>
<tr>
<td title='com.test.TestNgBasics.login()'><b>login</b><br>Test class: com.test.TestNgBasics<br>Parameters: set1oneUserName, set1password</td>
<td></td>
<td>0</td>
<td>com.test.TestNgBasics@6a4f787b</td></tr>
<tr>
<td title='com.test.TestNgBasics.login()'><b>login</b><br>Test class: com.test.TestNgBasics<br>Parameters: set2oneUserName, set2password</td>
<td></td>
<td>0</td>
<td>com.test.TestNgBasics@6a4f787b</td></tr>
<tr>
<td title='com.test.TestNgBasics.login()'><b>login</b><br>Test class: com.test.TestNgBasics<br>Parameters: set3oneUserName, set3password</td>
<td></td>
<td>0</td>
<td>com.test.TestNgBasics@6a4f787b</td></tr>
<tr>
<td title='com.test.TestNgFeatures.loginTest()'><b>loginTest</b><br>Test class: com.test.TestNgFeatures</td>
<td></td>
<td>13</td>
<td>com.test.TestNgFeatures@7cd62f43</td></tr>
<tr>
<td title='com.test.TestNgBasics.serachElement()'><b>serachElement</b><br>Test class: com.test.TestNgBasics</td>
<td></td>
<td>0</td>
<td>com.test.TestNgBasics@6a4f787b</td></tr>
<tr>
<td title='com.test.InvocationCountTest.sum()'><b>sum</b><br>Test class: com.test.InvocationCountTest</td>
<td></td>
<td>0</td>
<td>com.test.InvocationCountTest@685cb137</td></tr>
<tr>
<td title='com.test.InvocationCountTest.sum()'><b>sum</b><br>Test class: com.test.InvocationCountTest</td>
<td></td>
<td>0</td>
<td>com.test.InvocationCountTest@685cb137</td></tr>
<tr>
<td title='com.test.InvocationCountTest.sum()'><b>sum</b><br>Test class: com.test.InvocationCountTest</td>
<td></td>
<td>0</td>
<td>com.test.InvocationCountTest@685cb137</td></tr>
<tr>
<td title='com.test.InvocationCountTest.sum()'><b>sum</b><br>Test class: com.test.InvocationCountTest</td>
<td></td>
<td>0</td>
<td>com.test.InvocationCountTest@685cb137</td></tr>
<tr>
<td title='com.test.InvocationCountTest.sum()'><b>sum</b><br>Test class: com.test.InvocationCountTest</td>
<td></td>
<td>0</td>
<td>com.test.InvocationCountTest@685cb137</td></tr>
<tr>
<td title='com.test.InvocationCountTest.sum()'><b>sum</b><br>Test class: com.test.InvocationCountTest</td>
<td></td>
<td>0</td>
<td>com.test.InvocationCountTest@685cb137</td></tr>
<tr>
<td title='com.test.InvocationCountTest.sum()'><b>sum</b><br>Test class: com.test.InvocationCountTest</td>
<td></td>
<td>0</td>
<td>com.test.InvocationCountTest@685cb137</td></tr>
<tr>
<td title='com.test.InvocationCountTest.sum()'><b>sum</b><br>Test class: com.test.InvocationCountTest</td>
<td></td>
<td>0</td>
<td>com.test.InvocationCountTest@685cb137</td></tr>
<tr>
<td title='com.test.InvocationCountTest.sum()'><b>sum</b><br>Test class: com.test.InvocationCountTest</td>
<td></td>
<td>0</td>
<td>com.test.InvocationCountTest@685cb137</td></tr>
<tr>
<td title='com.test.InvocationCountTest.sum()'><b>sum</b><br>Test class: com.test.InvocationCountTest</td>
<td></td>
<td>0</td>
<td>com.test.InvocationCountTest@685cb137</td></tr>
<tr>
<td title='com.test.ExceptionTimeOutTest.test1()'><b>test1</b><br>Test class: com.test.ExceptionTimeOutTest</td>
<td><div><pre>java.lang.NumberFormatException: For input string: &quot;100A&quot;
	at java.lang.NumberFormatException.forInputString(Unknown Source)
	at java.lang.Integer.parseInt(Unknown Source)
	at java.lang.Integer.parseInt(Unknown Source)
	at com.test.ExceptionTimeOutTest.test1(ExceptionTimeOutTest.java:18)
	at java.util.concurrent.ThreadPoolExecutor.runWorker(Unknown Source)
	at java.util.concurrent.ThreadPoolExecutor$Worker.run(Unknown Source)
	at java.lang.Thread.run(Unknown Source)
... Removed 10 stack frames</pre></div><a href='#' onClick='toggleBox("stack-trace930535645", this, "Click to show all stack frames", "Click to hide stack frames")'>Click to show all stack frames</a>
<div class='stack-trace' id='stack-trace930535645'><pre>java.lang.NumberFormatException: For input string: &quot;100A&quot;
	at java.lang.NumberFormatException.forInputString(Unknown Source)
	at java.lang.Integer.parseInt(Unknown Source)
	at java.lang.Integer.parseInt(Unknown Source)
	at com.test.ExceptionTimeOutTest.test1(ExceptionTimeOutTest.java:18)
	at sun.reflect.NativeMethodAccessorImpl.invoke0(Native Method)
	at sun.reflect.NativeMethodAccessorImpl.invoke(Unknown Source)
	at sun.reflect.DelegatingMethodAccessorImpl.invoke(Unknown Source)
	at java.lang.reflect.Method.invoke(Unknown Source)
	at org.testng.internal.MethodInvocationHelper.invokeMethod(MethodInvocationHelper.java:86)
	at org.testng.internal.Invoker.invokeMethod(Invoker.java:646)
	at org.testng.internal.Invoker.invokeTestMethod(Invoker.java:823)
	at org.testng.internal.Invoker.invokeTestMethods(Invoker.java:1131)
	at org.testng.internal.TestMethodWorker.invokeTestMethods(TestMethodWorker.java:129)
	at org.testng.internal.TestMethodWorker.run(TestMethodWorker.java:112)
	at java.util.concurrent.ThreadPoolExecutor.runWorker(Unknown Source)
	at java.util.concurrent.ThreadPoolExecutor$Worker.run(Unknown Source)
	at java.lang.Thread.run(Unknown Source)
</pre></div></td>
<td>0</td>
<td>com.test.ExceptionTimeOutTest@6a41eaa2</td></tr>
<tr>
<td title='com.test.GoogleFeatureTest.test4()'><b>test4</b><br>Test class: com.test.GoogleFeatureTest</td>
<td></td>
<td>0</td>
<td>com.test.GoogleFeatureTest@5622fdf</td></tr>
<tr>
<td title='com.test.GoogleFeatureTest.test5()'><b>test5</b><br>Test class: com.test.GoogleFeatureTest</td>
<td></td>
<td>0</td>
<td>com.test.GoogleFeatureTest@5622fdf</td></tr>
</table><p>
<table width='100%' border='1' class='invocation-skipped'>
<tr><td colspan='4' align='center'><b>SKIPPED TESTS</b></td></tr>
<tr><td><b>Test method</b></td>
<td width="30%"><b>Exception</b></td>
<td width="10%"><b>Time (seconds)</b></td>
<td><b>Instance</b></td>
</tr>
<tr>
<td title='com.test.GoogleFeatureTest.mailLinkText()'><b>mailLinkText</b><br>Test class: com.test.GoogleFeatureTest</td>
<td></td>
<td>0</td>
<td>com.test.GoogleFeatureTest@5622fdf</td></tr>
<tr>
<td title='com.test.GoogleFeatureTest.test6()'><b>test6</b><br>Test class: com.test.GoogleFeatureTest</td>
<td></td>
<td>0</td>
<td>com.test.GoogleFeatureTest@5622fdf</td></tr>
</table><p>
</body>
</html>