<?xml version="1.0" encoding="UTF-8"?>
<!-- Generated by org.testng.reporters.JUnitXMLReporter -->
<testsuite hostname="omgindia244" name="Test2" tests="28" failures="1" timestamp="19 Sep 2019 08:53:55 GMT" time="35.143" errors="0">
  <testcase name="@BeforeMethod setup" time="0.0" classname="com.test.GoogleFeatureTest">
    <failure type="org.openqa.selenium.NoSuchSessionException" message="invalid session id
Build info: version: &amp;apos;3.141.59&amp;apos;, revision: &amp;apos;e82be7d358&amp;apos;, time: &amp;apos;2018-11-14T08:25:48&amp;apos;
System info: host: &amp;apos;OMGINDIA244&amp;apos;, ip: &amp;apos;192.168.28.37&amp;apos;, os.name: &amp;apos;Windows 10&amp;apos;, os.arch: &amp;apos;amd64&amp;apos;, os.version: &amp;apos;10.0&amp;apos;, java.version: &amp;apos;1.8.0_201&amp;apos;
Driver info: org.openqa.selenium.chrome.ChromeDriver
Capabilities {acceptInsecureCerts: false, browserName: chrome, browserVersion: 76.0.3809.132, chrome: {chromedriverVersion: 75.0.3770.90 (a6dcaf7e3ec6f..., userDataDir: C:\Users\JYOTI~1.SAJ\AppDat...}, goog:chromeOptions: {debuggerAddress: localhost:53973}, javascriptEnabled: true, networkConnectionEnabled: false, pageLoadStrategy: normal, platform: XP, platformName: XP, proxy: Proxy(), setWindowRect: true, strictFileInteractability: false, timeouts: {implicit: 0, pageLoad: 300000, script: 30000}, unhandledPromptBehavior: dismiss and notify}">
      <![CDATA[org.openqa.selenium.NoSuchSessionException: invalid session id
Build info: version: '3.141.59', revision: 'e82be7d358', time: '2018-11-14T08:25:48'
System info: host: 'OMGINDIA244', ip: '192.168.28.37', os.name: 'Windows 10', os.arch: 'amd64', os.version: '10.0', java.version: '1.8.0_201'
Driver info: org.openqa.selenium.chrome.ChromeDriver
Capabilities {acceptInsecureCerts: false, browserName: chrome, browserVersion: 76.0.3809.132, chrome: {chromedriverVersion: 75.0.3770.90 (a6dcaf7e3ec6f..., userDataDir: C:\Users\JYOTI~1.SAJ\AppDat...}, goog:chromeOptions: {debuggerAddress: localhost:53973}, javascriptEnabled: true, networkConnectionEnabled: false, pageLoadStrategy: normal, platform: XP, platformName: XP, proxy: Proxy(), setWindowRect: true, strictFileInteractability: false, timeouts: {implicit: 0, pageLoad: 300000, script: 30000}, unhandledPromptBehavior: dismiss and notify}
	at org.openqa.selenium.remote.http.W3CHttpResponseCodec.createException(W3CHttpResponseCodec.java:187)
	at org.openqa.selenium.remote.http.W3CHttpResponseCodec.decode(W3CHttpResponseCodec.java:122)
	at org.openqa.selenium.remote.http.W3CHttpResponseCodec.decode(W3CHttpResponseCodec.java:49)
	at org.openqa.selenium.remote.HttpCommandExecutor.execute(HttpCommandExecutor.java:158)
	at org.openqa.selenium.remote.service.DriverCommandExecutor.execute(DriverCommandExecutor.java:83)
	at org.openqa.selenium.remote.RemoteWebDriver.execute(RemoteWebDriver.java:552)
	at org.openqa.selenium.remote.RemoteWebDriver.get(RemoteWebDriver.java:277)
	at com.test.GoogleFeatureTest.setup(GoogleFeatureTest.java:24)
	at java.util.concurrent.ThreadPoolExecutor.runWorker(Unknown Source)
	at java.util.concurrent.ThreadPoolExecutor$Worker.run(Unknown Source)
	at java.lang.Thread.run(Unknown Source)
... Removed 16 stack frames]]>
    </failure>
  </testcase> <!-- @BeforeMethod setup -->
  <testcase name="@AfterMethod tearDown" time="0.0" classname="com.test.GoogleFeatureTest">
    <skipped/>
  </testcase> <!-- @AfterMethod tearDown -->
  <testcase name="@AfterMethod tearDown" time="0.0" classname="com.test.GoogleFeatureTest">
    <skipped/>
  </testcase> <!-- @AfterMethod tearDown -->
  <testcase name="sum" time="0.006" classname="com.test.InvocationCountTest"/>
  <testcase name="googleTittleTest" time="0.003" classname="com.test.TestNgBasics"/>
  <testcase name="login" time="0.002" classname="com.test.TestNgBasics"/>
  <testcase name="login" time="0.001" classname="com.test.TestNgBasics"/>
  <testcase name="login" time="0.005" classname="com.test.TestNgBasics"/>
  <testcase name="infintLoopTest" time="0.049" classname="com.test.ExceptionTimeOutTest">
    <failure type="org.testng.internal.thread.ThreadTimeoutException" message="Method org.testng.internal.TestNGMethod.infintLoopTest() didn&amp;apos;t finish within the time-out 2">
      <![CDATA[org.testng.internal.thread.ThreadTimeoutException: Method org.testng.internal.TestNGMethod.infintLoopTest() didn't finish within the time-out 2
]]>
    </failure>
  </testcase> <!-- infintLoopTest -->
  <testcase name="sum" time="0.001" classname="com.test.InvocationCountTest"/>
  <testcase name="serachElement" time="0.015" classname="com.test.TestNgBasics"/>
  <testcase name="test1" time="0.002" classname="com.test.ExceptionTimeOutTest"/>
  <testcase name="sum" time="0.002" classname="com.test.InvocationCountTest"/>
  <testcase name="sum" time="0.0" classname="com.test.InvocationCountTest"/>
  <testcase name="sum" time="0.0" classname="com.test.InvocationCountTest"/>
  <testcase name="sum" time="0.001" classname="com.test.InvocationCountTest"/>
  <testcase name="sum" time="0.001" classname="com.test.InvocationCountTest"/>
  <testcase name="sum" time="0.0" classname="com.test.InvocationCountTest"/>
  <testcase name="sum" time="0.001" classname="com.test.InvocationCountTest"/>
  <testcase name="sum" time="0.0" classname="com.test.InvocationCountTest"/>
  <testcase name="Login" time="16.182" classname="com.test.TestNgFeatures"/>
  <testcase name="googleTittleTest" time="0.335" classname="com.test.GoogleTittleTest"/>
  <testcase name="test4" time="0.001" classname="com.test.GoogleFeatureTest"/>
  <testcase name="test5" time="0.0" classname="com.test.GoogleFeatureTest"/>
  <testcase name="mailLinkText" time="0.002" classname="com.test.GoogleFeatureTest">
    <skipped/>
  </testcase> <!-- mailLinkText -->
  <testcase name="loginTest" time="13.08" classname="com.test.TestNgFeatures"/>
  <testcase name="HomePageTest" time="0.001" classname="com.test.TestNgFeatures"/>
  <testcase name="RegisPageTest" time="0.0" classname="com.test.TestNgFeatures"/>
  <testcase name="SearchPageTest" time="0.0" classname="com.test.TestNgFeatures"/>
  <testcase name="googleLogoText" time="0.335" classname="com.test.GoogleTittleTest"/>
  <testcase name="test6" time="0.0" classname="com.test.GoogleFeatureTest">
    <skipped/>
  </testcase> <!-- test6 -->
</testsuite> <!-- Test2 -->
