<!DOCTYPE html PUBLIC "-//W3C//DTD XHTML 1.1//EN" "http://www.w3.org/TR/xhtml11/DTD/xhtml11.dtd">
<html xmlns="http://www.w3.org/1999/xhtml"><head><title>TestNG Report</title><style type="text/css">table {margin-bottom:10px;border-collapse:collapse;empty-cells:show}th,td {border:1px solid #009;padding:.25em .5em}th {vertical-align:bottom}td {vertical-align:top}table a {font-weight:bold}.stripe td {background-color: #E6EBF9}.num {text-align:right}.passedodd td {background-color: #3F3}.passedeven td {background-color: #0A0}.skippedodd td {background-color: #DDD}.skippedeven td {background-color: #CCC}.failedodd td,.attn {background-color: #F33}.failedeven td,.stripe .attn {background-color: #D00}.stacktrace {white-space:pre;font-family:monospace}.totop {font-size:85%;text-align:center;border-bottom:2px solid #000}</style></head><body><table><tr><th>Test</th><th># Passed</th><th># Skipped</th><th># Failed</th><th>Time (ms)</th><th>Included Groups</th><th>Excluded Groups</th></tr><tr><th colspan="7">Yahoo App Automation Suite</th></tr><tr><td><a href="#t0">Yahoo App Test</a></td><td class="num">1</td><td class="num">0</td><td class="num">0</td><td class="num">16,043</td><td></td><td></td></tr><tr class="stripe"><td><a href="#t1"> Different testing feature of Test</a></td><td class="num">25</td><td class="num">0</td><td class="num attn">1</td><td class="num">119,531</td><td></td><td></td></tr><tr><th>Total</th><th class="num">26</th><th class="num">0</th><th class="num attn">1</th><th class="num">135,574</th><th colspan="2"></th></tr></table><table><thead><tr><th>Class</th><th>Method</th><th>Start</th><th>Time (ms)</th></tr></thead><tbody><tr><th colspan="4">Yahoo App Automation Suite</th></tr></tbody><tbody id="t0"><tr><th colspan="4">Yahoo App Test &#8212; passed</th></tr><tr class="passedeven"><td rowspan="1">com.parameters.ParameterTest</td><td><a href="#m0">yahooLoginTest</a></td><td rowspan="1">1565933725764</td><td rowspan="1">16027</td></tr></tbody><tbody id="t1"><tr><th colspan="4"> Different testing feature of Test &#8212; failed</th></tr><tr class="failedeven"><td rowspan="1">com.test.GoogleFeatureTest</td><td><a href="#m1">mailLinkText</a></td><td rowspan="1">1565933775047</td><td rowspan="1">30049</td></tr><tr><th colspan="4"> Different testing feature of Test &#8212; passed</th></tr><tr class="passedeven"><td rowspan="2">com.test.ExceptionTimeOutTest</td><td><a href="#m2">infintLoopTest</a></td><td rowspan="1">1565933741808</td><td rowspan="1">20</td></tr><tr class="passedeven"><td><a href="#m3">test1</a></td><td rowspan="1">1565933741829</td><td rowspan="1">1</td></tr><tr class="passedodd"><td rowspan="5">com.test.GoogleFeatureTest</td><td><a href="#m4">googleLogoText</a></td><td rowspan="1">1565933752790</td><td rowspan="1">215</td></tr><tr class="passedodd"><td><a href="#m5">googleTittleTest</a></td><td rowspan="1">1565933764127</td><td rowspan="1">9</td></tr><tr class="passedodd"><td><a href="#m6">test4</a></td><td rowspan="1">1565933816154</td><td rowspan="1">1</td></tr><tr class="passedodd"><td><a href="#m7">test5</a></td><td rowspan="1">1565933827268</td><td rowspan="1">1</td></tr><tr class="passedodd"><td><a href="#m8">test6</a></td><td rowspan="1">1565933838577</td><td rowspan="1">1</td></tr><tr class="passedeven"><td rowspan="2">com.test.GoogleTittleTest</td><td><a href="#m9">googleLogoText</a></td><td rowspan="1">1565933849507</td><td rowspan="1">76</td></tr><tr class="passedeven"><td><a href="#m10">googleTittleTest</a></td><td rowspan="1">1565933860625</td><td rowspan="1">8</td></tr><tr class="passedodd"><td rowspan="10">com.test.InvocationCountTest</td><td><a href="#m11">sum</a></td><td rowspan="10">1565933861307</td><td rowspan="10">1</td></tr><tr class="passedodd"><td><a href="#m12">sum</a></td></tr><tr class="passedodd"><td><a href="#m13">sum</a></td></tr><tr class="passedodd"><td><a href="#m14">sum</a></td></tr><tr class="passedodd"><td><a href="#m15">sum</a></td></tr><tr class="passedodd"><td><a href="#m16">sum</a></td></tr><tr class="passedodd"><td><a href="#m17">sum</a></td></tr><tr class="passedodd"><td><a href="#m18">sum</a></td></tr><tr class="passedodd"><td><a href="#m19">sum</a></td></tr><tr class="passedodd"><td><a href="#m20">sum</a></td></tr><tr class="passedeven"><td rowspan="2">com.test.TestNgBasics</td><td><a href="#m21">googleTittleTest</a></td><td rowspan="1">1565933861316</td><td rowspan="1">5</td></tr><tr class="passedeven"><td><a href="#m22">serachElement</a></td><td rowspan="1">1565933861323</td><td rowspan="1">1</td></tr><tr class="passedodd"><td rowspan="4">com.test.TestNgFeatures</td><td><a href="#m23">HomePageTest</a></td><td rowspan="1">1565933861328</td><td rowspan="1">1</td></tr><tr class="passedodd"><td><a href="#m24">RegisPageTest</a></td><td rowspan="1">1565933861330</td><td rowspan="1">1</td></tr><tr class="passedodd"><td><a href="#m25">SearchPageTest</a></td><td rowspan="1">1565933861335</td><td rowspan="1">2</td></tr><tr class="passedodd"><td><a href="#m26">loginTest</a></td><td rowspan="1">1565933861326</td><td rowspan="1">0</td></tr></tbody></table><h2>Yahoo App Test</h2><h3 id="m0">com.parameters.ParameterTest#yahooLoginTest</h3><table class="result"><tr class="param"><th>Parameter #1</th><th>Parameter #2</th><th>Parameter #3</th></tr><tr class="param stripe"><td>chrome</td><td>https://www.yahoo.com/</td><td>sajwan_jyoti@yahoo.com</td></tr></table><p class="totop"><a href="#summary">back to summary</a></p><h2> Different testing feature of Test</h2><h3 id="m1">com.test.GoogleFeatureTest#mailLinkText</h3><table class="result"><tr><th>Exception</th></tr><tr><td><div class="stacktrace">org.openqa.selenium.NoSuchElementException: no such element: Unable to locate element: {&quot;method&quot;:&quot;link text&quot;,&quot;selector&quot;:&quot;mail&quot;}
  (Session info: chrome=76.0.3809.100)
For documentation on this error, please visit: https://www.seleniumhq.org/exceptions/no_such_element.html
Build info: version: &apos;3.141.59&apos;, revision: &apos;e82be7d358&apos;, time: &apos;2018-11-14T08:25:48&apos;
System info: host: &apos;OMGINDIA244&apos;, ip: &apos;192.168.28.37&apos;, os.name: &apos;Windows 10&apos;, os.arch: &apos;amd64&apos;, os.version: &apos;10.0&apos;, java.version: &apos;1.8.0_201&apos;
Driver info: org.openqa.selenium.chrome.ChromeDriver
Capabilities {acceptInsecureCerts: false, browserName: chrome, browserVersion: 76.0.3809.100, chrome: {chromedriverVersion: 75.0.3770.90 (a6dcaf7e3ec6f..., userDataDir: C:\Users\JYOTI~1.SAJ\AppDat...}, goog:chromeOptions: {debuggerAddress: localhost:50880}, javascriptEnabled: true, networkConnectionEnabled: false, pageLoadStrategy: normal, platform: XP, platformName: XP, proxy: Proxy(), setWindowRect: true, strictFileInteractability: false, timeouts: {implicit: 0, pageLoad: 300000, script: 30000}, unhandledPromptBehavior: dismiss and notify}
Session ID: 27e7afb5539c9f08f23cbf95d3f38a72
*** Element info: {Using=link text, value=mail}
	at org.openqa.selenium.remote.http.W3CHttpResponseCodec.createException(W3CHttpResponseCodec.java:187)
	at org.openqa.selenium.remote.http.W3CHttpResponseCodec.decode(W3CHttpResponseCodec.java:122)
	at org.openqa.selenium.remote.http.W3CHttpResponseCodec.decode(W3CHttpResponseCodec.java:49)
	at org.openqa.selenium.remote.HttpCommandExecutor.execute(HttpCommandExecutor.java:158)
	at org.openqa.selenium.remote.service.DriverCommandExecutor.execute(DriverCommandExecutor.java:83)
	at org.openqa.selenium.remote.RemoteWebDriver.execute(RemoteWebDriver.java:552)
	at org.openqa.selenium.remote.RemoteWebDriver.findElement(RemoteWebDriver.java:323)
	at org.openqa.selenium.remote.RemoteWebDriver.findElementByLinkText(RemoteWebDriver.java:380)
	at org.openqa.selenium.By$ByLinkText.findElement(By.java:220)
	at org.openqa.selenium.remote.RemoteWebDriver.findElement(RemoteWebDriver.java:315)
	at com.test.GoogleFeatureTest.mailLinkText(GoogleFeatureTest.java:45)
... Removed 29 stack frames</div></td></tr></table><p class="totop"><a href="#summary">back to summary</a></p><h3 id="m2">com.test.ExceptionTimeOutTest#infintLoopTest</h3><table class="result"></table><p class="totop"><a href="#summary">back to summary</a></p><h3 id="m3">com.test.ExceptionTimeOutTest#test1</h3><table class="result"><tr><th>Expected Exception</th></tr><tr><td><div class="stacktrace">java.lang.NumberFormatException: For input string: &quot;100A&quot;
	at java.lang.NumberFormatException.forInputString(Unknown Source)
	at java.lang.Integer.parseInt(Unknown Source)
	at java.lang.Integer.parseInt(Unknown Source)
	at com.test.ExceptionTimeOutTest.test1(ExceptionTimeOutTest.java:18)
... Removed 25 stack frames</div></td></tr></table><p class="totop"><a href="#summary">back to summary</a></p><h3 id="m4">com.test.GoogleFeatureTest#googleLogoText</h3><table class="result"></table><p class="totop"><a href="#summary">back to summary</a></p><h3 id="m5">com.test.GoogleFeatureTest#googleTittleTest</h3><table class="result"></table><p class="totop"><a href="#summary">back to summary</a></p><h3 id="m6">com.test.GoogleFeatureTest#test4</h3><table class="result"></table><p class="totop"><a href="#summary">back to summary</a></p><h3 id="m7">com.test.GoogleFeatureTest#test5</h3><table class="result"></table><p class="totop"><a href="#summary">back to summary</a></p><h3 id="m8">com.test.GoogleFeatureTest#test6</h3><table class="result"></table><p class="totop"><a href="#summary">back to summary</a></p><h3 id="m9">com.test.GoogleTittleTest#googleLogoText</h3><table class="result"></table><p class="totop"><a href="#summary">back to summary</a></p><h3 id="m10">com.test.GoogleTittleTest#googleTittleTest</h3><table class="result"></table><p class="totop"><a href="#summary">back to summary</a></p><h3 id="m11">com.test.InvocationCountTest#sum</h3><table class="result"></table><p class="totop"><a href="#summary">back to summary</a></p><h3 id="m12">com.test.InvocationCountTest#sum</h3><table class="result"></table><p class="totop"><a href="#summary">back to summary</a></p><h3 id="m13">com.test.InvocationCountTest#sum</h3><table class="result"></table><p class="totop"><a href="#summary">back to summary</a></p><h3 id="m14">com.test.InvocationCountTest#sum</h3><table class="result"></table><p class="totop"><a href="#summary">back to summary</a></p><h3 id="m15">com.test.InvocationCountTest#sum</h3><table class="result"></table><p class="totop"><a href="#summary">back to summary</a></p><h3 id="m16">com.test.InvocationCountTest#sum</h3><table class="result"></table><p class="totop"><a href="#summary">back to summary</a></p><h3 id="m17">com.test.InvocationCountTest#sum</h3><table class="result"></table><p class="totop"><a href="#summary">back to summary</a></p><h3 id="m18">com.test.InvocationCountTest#sum</h3><table class="result"></table><p class="totop"><a href="#summary">back to summary</a></p><h3 id="m19">com.test.InvocationCountTest#sum</h3><table class="result"></table><p class="totop"><a href="#summary">back to summary</a></p><h3 id="m20">com.test.InvocationCountTest#sum</h3><table class="result"></table><p class="totop"><a href="#summary">back to summary</a></p><h3 id="m21">com.test.TestNgBasics#googleTittleTest</h3><table class="result"></table><p class="totop"><a href="#summary">back to summary</a></p><h3 id="m22">com.test.TestNgBasics#serachElement</h3><table class="result"></table><p class="totop"><a href="#summary">back to summary</a></p><h3 id="m23">com.test.TestNgFeatures#HomePageTest</h3><table class="result"></table><p class="totop"><a href="#summary">back to summary</a></p><h3 id="m24">com.test.TestNgFeatures#RegisPageTest</h3><table class="result"></table><p class="totop"><a href="#summary">back to summary</a></p><h3 id="m25">com.test.TestNgFeatures#SearchPageTest</h3><table class="result"></table><p class="totop"><a href="#summary">back to summary</a></p><h3 id="m26">com.test.TestNgFeatures#loginTest</h3><table class="result"></table><p class="totop"><a href="#summary">back to summary</a></p></body></html>