<?xml version="1.0" encoding="UTF-8"?>
<testng-results skipped="0" failed="1" total="27" passed="26">
  <reporter-output>
  </reporter-output>
  <suite name="Yahoo App Automation Suite" duration-ms="135588" started-at="2019-08-16T05:35:25Z" finished-at="2019-08-16T05:37:41Z">
    <groups>
      <group name="LinkTest">
        <method signature="GoogleFeatureTest.mailLinkText()[pri:3, instance:com.test.GoogleFeatureTest@77caeb3e]" name="mailLinkText" class="com.test.GoogleFeatureTest"/>
      </group> <!-- LinkTest -->
      <group name="Test">
        <method signature="GoogleFeatureTest.test4()[pri:4, instance:com.test.GoogleFeatureTest@77caeb3e]" name="test4" class="com.test.GoogleFeatureTest"/>
        <method signature="GoogleFeatureTest.test5()[pri:5, instance:com.test.GoogleFeatureTest@77caeb3e]" name="test5" class="com.test.GoogleFeatureTest"/>
        <method signature="GoogleFeatureTest.test6()[pri:6, instance:com.test.GoogleFeatureTest@77caeb3e]" name="test6" class="com.test.GoogleFeatureTest"/>
      </group> <!-- Test -->
      <group name="Tittle">
        <method signature="GoogleFeatureTest.googleTittleTest()[pri:2, instance:com.test.GoogleFeatureTest@77caeb3e]" name="googleTittleTest" class="com.test.GoogleFeatureTest"/>
        <method signature="GoogleTittleTest.googleTittleTest()[pri:2, instance:com.test.GoogleTittleTest@1e88b3c]" name="googleTittleTest" class="com.test.GoogleTittleTest"/>
      </group> <!-- Tittle -->
      <group name="Logo">
        <method signature="GoogleFeatureTest.googleLogoText()[pri:1, instance:com.test.GoogleFeatureTest@77caeb3e]" name="googleLogoText" class="com.test.GoogleFeatureTest"/>
      </group> <!-- Logo -->
    </groups>
    <test name="Yahoo App Test" duration-ms="16043" started-at="2019-08-16T05:35:25Z" finished-at="2019-08-16T05:35:41Z">
      <class name="com.parameters.ParameterTest">
        <test-method status="PASS" signature="yahooLoginTest(java.lang.String, java.lang.String, java.lang.String)[pri:0, instance:com.parameters.ParameterTest@7c16905e]" name="yahooLoginTest" duration-ms="16027" started-at="2019-08-16T11:05:25Z" finished-at="2019-08-16T11:05:41Z">
          <params>
            <param index="0">
              <value>
                <![CDATA[chrome]]>
              </value>
            </param>
            <param index="1">
              <value>
                <![CDATA[https://www.yahoo.com/]]>
              </value>
            </param>
            <param index="2">
              <value>
                <![CDATA[sajwan_jyoti@yahoo.com]]>
              </value>
            </param>
          </params>
          <reporter-output>
          </reporter-output>
        </test-method> <!-- yahooLoginTest -->
      </class> <!-- com.parameters.ParameterTest -->
    </test> <!-- Yahoo App Test -->
    <test name=" Different testing feature of Test" duration-ms="119531" started-at="2019-08-16T05:35:41Z" finished-at="2019-08-16T05:37:41Z">
      <class name="com.test.GoogleFeatureTest">
        <test-method status="PASS" signature="setup()[pri:0, instance:com.test.GoogleFeatureTest@77caeb3e]" name="setup" is-config="true" duration-ms="10955" started-at="2019-08-16T11:05:41Z" finished-at="2019-08-16T11:05:52Z">
          <reporter-output>
          </reporter-output>
        </test-method> <!-- setup -->
        <test-method status="PASS" signature="googleLogoText()[pri:1, instance:com.test.GoogleFeatureTest@77caeb3e]" name="googleLogoText" duration-ms="215" started-at="2019-08-16T11:05:52Z" finished-at="2019-08-16T11:05:53Z">
          <reporter-output>
          </reporter-output>
        </test-method> <!-- googleLogoText -->
        <test-method status="PASS" signature="tearDown()[pri:0, instance:com.test.GoogleFeatureTest@77caeb3e]" name="tearDown" is-config="true" duration-ms="633" started-at="2019-08-16T11:05:53Z" finished-at="2019-08-16T11:05:53Z">
          <reporter-output>
          </reporter-output>
        </test-method> <!-- tearDown -->
        <test-method status="PASS" signature="setup()[pri:0, instance:com.test.GoogleFeatureTest@77caeb3e]" name="setup" is-config="true" duration-ms="10487" started-at="2019-08-16T11:05:53Z" finished-at="2019-08-16T11:06:04Z">
          <reporter-output>
          </reporter-output>
        </test-method> <!-- setup -->
        <test-method status="PASS" signature="googleTittleTest()[pri:2, instance:com.test.GoogleFeatureTest@77caeb3e]" name="googleTittleTest" duration-ms="9" started-at="2019-08-16T11:06:04Z" finished-at="2019-08-16T11:06:04Z">
          <reporter-output>
          </reporter-output>
        </test-method> <!-- googleTittleTest -->
        <test-method status="PASS" signature="tearDown()[pri:0, instance:com.test.GoogleFeatureTest@77caeb3e]" name="tearDown" is-config="true" duration-ms="623" started-at="2019-08-16T11:06:04Z" finished-at="2019-08-16T11:06:04Z">
          <reporter-output>
          </reporter-output>
        </test-method> <!-- tearDown -->
        <test-method status="PASS" signature="setup()[pri:0, instance:com.test.GoogleFeatureTest@77caeb3e]" name="setup" is-config="true" duration-ms="10287" started-at="2019-08-16T11:06:04Z" finished-at="2019-08-16T11:06:15Z">
          <reporter-output>
          </reporter-output>
        </test-method> <!-- setup -->
        <test-method status="FAIL" signature="mailLinkText()[pri:3, instance:com.test.GoogleFeatureTest@77caeb3e]" name="mailLinkText" duration-ms="30049" started-at="2019-08-16T11:06:15Z" finished-at="2019-08-16T11:06:45Z">
          <exception class="org.openqa.selenium.NoSuchElementException">
            <message>
              <![CDATA[no such element: Unable to locate element: {"method":"link text","selector":"mail"}
  (Session info: chrome=76.0.3809.100)
For documentation on this error, please visit: https://www.seleniumhq.org/exceptions/no_such_element.html
Build info: version: '3.141.59', revision: 'e82be7d358', time: '2018-11-14T08:25:48'
System info: host: 'OMGINDIA244', ip: '192.168.28.37', os.name: 'Windows 10', os.arch: 'amd64', os.version: '10.0', java.version: '1.8.0_201'
Driver info: org.openqa.selenium.chrome.ChromeDriver
Capabilities {acceptInsecureCerts: false, browserName: chrome, browserVersion: 76.0.3809.100, chrome: {chromedriverVersion: 75.0.3770.90 (a6dcaf7e3ec6f..., userDataDir: C:\Users\JYOTI~1.SAJ\AppDat...}, goog:chromeOptions: {debuggerAddress: localhost:50880}, javascriptEnabled: true, networkConnectionEnabled: false, pageLoadStrategy: normal, platform: XP, platformName: XP, proxy: Proxy(), setWindowRect: true, strictFileInteractability: false, timeouts: {implicit: 0, pageLoad: 300000, script: 30000}, unhandledPromptBehavior: dismiss and notify}
Session ID: 27e7afb5539c9f08f23cbf95d3f38a72
*** Element info: {Using=link text, value=mail}]]>
            </message>
            <full-stacktrace>
              <![CDATA[org.openqa.selenium.NoSuchElementException: no such element: Unable to locate element: {"method":"link text","selector":"mail"}
  (Session info: chrome=76.0.3809.100)
For documentation on this error, please visit: https://www.seleniumhq.org/exceptions/no_such_element.html
Build info: version: '3.141.59', revision: 'e82be7d358', time: '2018-11-14T08:25:48'
System info: host: 'OMGINDIA244', ip: '192.168.28.37', os.name: 'Windows 10', os.arch: 'amd64', os.version: '10.0', java.version: '1.8.0_201'
Driver info: org.openqa.selenium.chrome.ChromeDriver
Capabilities {acceptInsecureCerts: false, browserName: chrome, browserVersion: 76.0.3809.100, chrome: {chromedriverVersion: 75.0.3770.90 (a6dcaf7e3ec6f..., userDataDir: C:\Users\JYOTI~1.SAJ\AppDat...}, goog:chromeOptions: {debuggerAddress: localhost:50880}, javascriptEnabled: true, networkConnectionEnabled: false, pageLoadStrategy: normal, platform: XP, platformName: XP, proxy: Proxy(), setWindowRect: true, strictFileInteractability: false, timeouts: {implicit: 0, pageLoad: 300000, script: 30000}, unhandledPromptBehavior: dismiss and notify}
Session ID: 27e7afb5539c9f08f23cbf95d3f38a72
*** Element info: {Using=link text, value=mail}
	at sun.reflect.NativeConstructorAccessorImpl.newInstance0(Native Method)
	at sun.reflect.NativeConstructorAccessorImpl.newInstance(Unknown Source)
	at sun.reflect.DelegatingConstructorAccessorImpl.newInstance(Unknown Source)
	at java.lang.reflect.Constructor.newInstance(Unknown Source)
	at org.openqa.selenium.remote.http.W3CHttpResponseCodec.createException(W3CHttpResponseCodec.java:187)
	at org.openqa.selenium.remote.http.W3CHttpResponseCodec.decode(W3CHttpResponseCodec.java:122)
	at org.openqa.selenium.remote.http.W3CHttpResponseCodec.decode(W3CHttpResponseCodec.java:49)
	at org.openqa.selenium.remote.HttpCommandExecutor.execute(HttpCommandExecutor.java:158)
	at org.openqa.selenium.remote.service.DriverCommandExecutor.execute(DriverCommandExecutor.java:83)
	at org.openqa.selenium.remote.RemoteWebDriver.execute(RemoteWebDriver.java:552)
	at org.openqa.selenium.remote.RemoteWebDriver.findElement(RemoteWebDriver.java:323)
	at org.openqa.selenium.remote.RemoteWebDriver.findElementByLinkText(RemoteWebDriver.java:380)
	at org.openqa.selenium.By$ByLinkText.findElement(By.java:220)
	at org.openqa.selenium.remote.RemoteWebDriver.findElement(RemoteWebDriver.java:315)
	at com.test.GoogleFeatureTest.mailLinkText(GoogleFeatureTest.java:45)
	at sun.reflect.NativeMethodAccessorImpl.invoke0(Native Method)
	at sun.reflect.NativeMethodAccessorImpl.invoke(Unknown Source)
	at sun.reflect.DelegatingMethodAccessorImpl.invoke(Unknown Source)
	at java.lang.reflect.Method.invoke(Unknown Source)
	at org.testng.internal.MethodInvocationHelper.invokeMethod(MethodInvocationHelper.java:86)
	at org.testng.internal.Invoker.invokeMethod(Invoker.java:646)
	at org.testng.internal.Invoker.invokeTestMethod(Invoker.java:823)
	at org.testng.internal.Invoker.invokeTestMethods(Invoker.java:1131)
	at org.testng.internal.TestMethodWorker.invokeTestMethods(TestMethodWorker.java:129)
	at org.testng.internal.TestMethodWorker.run(TestMethodWorker.java:112)
	at org.testng.TestRunner.privateRun(TestRunner.java:778)
	at org.testng.TestRunner.run(TestRunner.java:632)
	at org.testng.SuiteRunner.runTest(SuiteRunner.java:366)
	at org.testng.SuiteRunner.runSequentially(SuiteRunner.java:361)
	at org.testng.SuiteRunner.privateRun(SuiteRunner.java:319)
	at org.testng.SuiteRunner.run(SuiteRunner.java:268)
	at org.testng.SuiteRunnerWorker.runSuite(SuiteRunnerWorker.java:52)
	at org.testng.SuiteRunnerWorker.run(SuiteRunnerWorker.java:86)
	at org.testng.TestNG.runSuitesSequentially(TestNG.java:1225)
	at org.testng.TestNG.runSuitesLocally(TestNG.java:1150)
	at org.testng.TestNG.runSuites(TestNG.java:1075)
	at org.testng.TestNG.run(TestNG.java:1047)
	at org.testng.remote.AbstractRemoteTestNG.run(AbstractRemoteTestNG.java:126)
	at org.testng.remote.RemoteTestNG.initAndRun(RemoteTestNG.java:137)
	at org.testng.remote.RemoteTestNG.main(RemoteTestNG.java:58)
]]>
            </full-stacktrace>
          </exception> <!-- org.openqa.selenium.NoSuchElementException -->
          <reporter-output>
          </reporter-output>
        </test-method> <!-- mailLinkText -->
        <test-method status="PASS" signature="tearDown()[pri:0, instance:com.test.GoogleFeatureTest@77caeb3e]" name="tearDown" is-config="true" duration-ms="646" started-at="2019-08-16T11:06:45Z" finished-at="2019-08-16T11:06:45Z">
          <reporter-output>
          </reporter-output>
        </test-method> <!-- tearDown -->
        <test-method status="PASS" signature="setup()[pri:0, instance:com.test.GoogleFeatureTest@77caeb3e]" name="setup" is-config="true" duration-ms="10408" started-at="2019-08-16T11:06:45Z" finished-at="2019-08-16T11:06:56Z">
          <reporter-output>
          </reporter-output>
        </test-method> <!-- setup -->
        <test-method status="PASS" signature="test4()[pri:4, instance:com.test.GoogleFeatureTest@77caeb3e]" name="test4" duration-ms="1" started-at="2019-08-16T11:06:56Z" finished-at="2019-08-16T11:06:56Z">
          <reporter-output>
          </reporter-output>
        </test-method> <!-- test4 -->
        <test-method status="PASS" signature="tearDown()[pri:0, instance:com.test.GoogleFeatureTest@77caeb3e]" name="tearDown" is-config="true" duration-ms="618" started-at="2019-08-16T11:06:56Z" finished-at="2019-08-16T11:06:56Z">
          <reporter-output>
          </reporter-output>
        </test-method> <!-- tearDown -->
        <test-method status="PASS" signature="setup()[pri:0, instance:com.test.GoogleFeatureTest@77caeb3e]" name="setup" is-config="true" duration-ms="10493" started-at="2019-08-16T11:06:56Z" finished-at="2019-08-16T11:07:07Z">
          <reporter-output>
          </reporter-output>
        </test-method> <!-- setup -->
        <test-method status="PASS" signature="test5()[pri:5, instance:com.test.GoogleFeatureTest@77caeb3e]" name="test5" duration-ms="1" started-at="2019-08-16T11:07:07Z" finished-at="2019-08-16T11:07:07Z">
          <reporter-output>
          </reporter-output>
        </test-method> <!-- test5 -->
        <test-method status="PASS" signature="tearDown()[pri:0, instance:com.test.GoogleFeatureTest@77caeb3e]" name="tearDown" is-config="true" duration-ms="650" started-at="2019-08-16T11:07:07Z" finished-at="2019-08-16T11:07:07Z">
          <reporter-output>
          </reporter-output>
        </test-method> <!-- tearDown -->
        <test-method status="PASS" signature="setup()[pri:0, instance:com.test.GoogleFeatureTest@77caeb3e]" name="setup" is-config="true" duration-ms="10656" started-at="2019-08-16T11:07:07Z" finished-at="2019-08-16T11:07:18Z">
          <reporter-output>
          </reporter-output>
        </test-method> <!-- setup -->
        <test-method status="PASS" signature="test6()[pri:6, instance:com.test.GoogleFeatureTest@77caeb3e]" name="test6" duration-ms="1" started-at="2019-08-16T11:07:18Z" finished-at="2019-08-16T11:07:18Z">
          <reporter-output>
          </reporter-output>
        </test-method> <!-- test6 -->
        <test-method status="PASS" signature="tearDown()[pri:0, instance:com.test.GoogleFeatureTest@77caeb3e]" name="tearDown" is-config="true" duration-ms="619" started-at="2019-08-16T11:07:18Z" finished-at="2019-08-16T11:07:19Z">
          <reporter-output>
          </reporter-output>
        </test-method> <!-- tearDown -->
      </class> <!-- com.test.GoogleFeatureTest -->
      <class name="com.test.GoogleTittleTest">
        <test-method status="PASS" signature="setup()[pri:0, instance:com.test.GoogleTittleTest@1e88b3c]" name="setup" is-config="true" duration-ms="10309" started-at="2019-08-16T11:07:19Z" finished-at="2019-08-16T11:07:29Z">
          <reporter-output>
          </reporter-output>
        </test-method> <!-- setup -->
        <test-method status="PASS" signature="googleLogoText()[pri:0, instance:com.test.GoogleTittleTest@1e88b3c]" name="googleLogoText" duration-ms="76" started-at="2019-08-16T11:07:29Z" finished-at="2019-08-16T11:07:29Z">
          <reporter-output>
          </reporter-output>
        </test-method> <!-- googleLogoText -->
        <test-method status="PASS" signature="tearDown()[pri:0, instance:com.test.GoogleTittleTest@1e88b3c]" name="tearDown" is-config="true" duration-ms="630" started-at="2019-08-16T11:07:29Z" finished-at="2019-08-16T11:07:30Z">
          <reporter-output>
          </reporter-output>
        </test-method> <!-- tearDown -->
        <test-method status="PASS" signature="setup()[pri:0, instance:com.test.GoogleTittleTest@1e88b3c]" name="setup" is-config="true" duration-ms="10410" started-at="2019-08-16T11:07:30Z" finished-at="2019-08-16T11:07:40Z">
          <reporter-output>
          </reporter-output>
        </test-method> <!-- setup -->
        <test-method status="PASS" signature="googleTittleTest()[pri:2, instance:com.test.GoogleTittleTest@1e88b3c]" name="googleTittleTest" duration-ms="8" started-at="2019-08-16T11:07:40Z" finished-at="2019-08-16T11:07:40Z">
          <reporter-output>
          </reporter-output>
        </test-method> <!-- googleTittleTest -->
        <test-method status="PASS" signature="tearDown()[pri:0, instance:com.test.GoogleTittleTest@1e88b3c]" name="tearDown" is-config="true" duration-ms="635" started-at="2019-08-16T11:07:40Z" finished-at="2019-08-16T11:07:41Z">
          <reporter-output>
          </reporter-output>
        </test-method> <!-- tearDown -->
      </class> <!-- com.test.GoogleTittleTest -->
      <class name="com.test.InvocationCountTest">
        <test-method status="PASS" signature="sum()[pri:0, instance:com.test.InvocationCountTest@42d80b78]" name="sum" duration-ms="2" started-at="2019-08-16T11:07:41Z" finished-at="2019-08-16T11:07:41Z">
          <reporter-output>
          </reporter-output>
        </test-method> <!-- sum -->
        <test-method status="PASS" signature="sum()[pri:0, instance:com.test.InvocationCountTest@42d80b78]" name="sum" duration-ms="2" started-at="2019-08-16T11:07:41Z" finished-at="2019-08-16T11:07:41Z">
          <reporter-output>
          </reporter-output>
        </test-method> <!-- sum -->
        <test-method status="PASS" signature="sum()[pri:0, instance:com.test.InvocationCountTest@42d80b78]" name="sum" duration-ms="2" started-at="2019-08-16T11:07:41Z" finished-at="2019-08-16T11:07:41Z">
          <reporter-output>
          </reporter-output>
        </test-method> <!-- sum -->
        <test-method status="PASS" signature="sum()[pri:0, instance:com.test.InvocationCountTest@42d80b78]" name="sum" duration-ms="2" started-at="2019-08-16T11:07:41Z" finished-at="2019-08-16T11:07:41Z">
          <reporter-output>
          </reporter-output>
        </test-method> <!-- sum -->
        <test-method status="PASS" signature="sum()[pri:0, instance:com.test.InvocationCountTest@42d80b78]" name="sum" duration-ms="1" started-at="2019-08-16T11:07:41Z" finished-at="2019-08-16T11:07:41Z">
          <reporter-output>
          </reporter-output>
        </test-method> <!-- sum -->
        <test-method status="PASS" signature="sum()[pri:0, instance:com.test.InvocationCountTest@42d80b78]" name="sum" duration-ms="3" started-at="2019-08-16T11:07:41Z" finished-at="2019-08-16T11:07:41Z">
          <reporter-output>
          </reporter-output>
        </test-method> <!-- sum -->
        <test-method status="PASS" signature="sum()[pri:0, instance:com.test.InvocationCountTest@42d80b78]" name="sum" duration-ms="1" started-at="2019-08-16T11:07:41Z" finished-at="2019-08-16T11:07:41Z">
          <reporter-output>
          </reporter-output>
        </test-method> <!-- sum -->
        <test-method status="PASS" signature="sum()[pri:0, instance:com.test.InvocationCountTest@42d80b78]" name="sum" duration-ms="1" started-at="2019-08-16T11:07:41Z" finished-at="2019-08-16T11:07:41Z">
          <reporter-output>
          </reporter-output>
        </test-method> <!-- sum -->
        <test-method status="PASS" signature="sum()[pri:0, instance:com.test.InvocationCountTest@42d80b78]" name="sum" duration-ms="1" started-at="2019-08-16T11:07:41Z" finished-at="2019-08-16T11:07:41Z">
          <reporter-output>
          </reporter-output>
        </test-method> <!-- sum -->
        <test-method status="PASS" signature="sum()[pri:0, instance:com.test.InvocationCountTest@42d80b78]" name="sum" duration-ms="1" started-at="2019-08-16T11:07:41Z" finished-at="2019-08-16T11:07:41Z">
          <reporter-output>
          </reporter-output>
        </test-method> <!-- sum -->
      </class> <!-- com.test.InvocationCountTest -->
      <class name="com.test.TestNgBasics">
        <test-method status="PASS" signature="setUp()[pri:0, instance:com.test.TestNgBasics@3e6fa38a]" name="setUp" is-config="true" duration-ms="8" started-at="2019-08-16T11:05:25Z" finished-at="2019-08-16T11:05:25Z">
          <reporter-output>
          </reporter-output>
        </test-method> <!-- setUp -->
        <test-method status="PASS" signature="launchBrowse()[pri:0, instance:com.test.TestNgBasics@3e6fa38a]" name="launchBrowse" is-config="true" duration-ms="0" started-at="2019-08-16T11:05:41Z" finished-at="2019-08-16T11:05:41Z">
          <reporter-output>
          </reporter-output>
        </test-method> <!-- launchBrowse -->
        <test-method status="PASS" signature="login()[pri:0, instance:com.test.TestNgBasics@3e6fa38a]" name="login" is-config="true" duration-ms="1" started-at="2019-08-16T11:07:41Z" finished-at="2019-08-16T11:07:41Z">
          <reporter-output>
          </reporter-output>
        </test-method> <!-- login -->
        <test-method status="PASS" signature="googleTittleTest()[pri:0, instance:com.test.TestNgBasics@3e6fa38a]" name="googleTittleTest" duration-ms="5" started-at="2019-08-16T11:07:41Z" finished-at="2019-08-16T11:07:41Z">
          <reporter-output>
          </reporter-output>
        </test-method> <!-- googleTittleTest -->
        <test-method status="PASS" signature="enterURL()[pri:0, instance:com.test.TestNgBasics@3e6fa38a]" name="enterURL" is-config="true" duration-ms="0" started-at="2019-08-16T11:07:41Z" finished-at="2019-08-16T11:07:41Z">
          <reporter-output>
          </reporter-output>
        </test-method> <!-- enterURL -->
        <test-method status="PASS" signature="logOut()[pri:0, instance:com.test.TestNgBasics@3e6fa38a]" name="logOut" is-config="true" duration-ms="0" started-at="2019-08-16T11:07:41Z" finished-at="2019-08-16T11:07:41Z">
          <reporter-output>
          </reporter-output>
        </test-method> <!-- logOut -->
        <test-method status="PASS" signature="serachElement()[pri:0, instance:com.test.TestNgBasics@3e6fa38a]" name="serachElement" duration-ms="1" started-at="2019-08-16T11:07:41Z" finished-at="2019-08-16T11:07:41Z">
          <reporter-output>
          </reporter-output>
        </test-method> <!-- serachElement -->
        <test-method status="PASS" signature="enterURL()[pri:0, instance:com.test.TestNgBasics@3e6fa38a]" name="enterURL" is-config="true" duration-ms="0" started-at="2019-08-16T11:07:41Z" finished-at="2019-08-16T11:07:41Z">
          <reporter-output>
          </reporter-output>
        </test-method> <!-- enterURL -->
        <test-method status="PASS" signature="logOut()[pri:0, instance:com.test.TestNgBasics@3e6fa38a]" name="logOut" is-config="true" duration-ms="0" started-at="2019-08-16T11:07:41Z" finished-at="2019-08-16T11:07:41Z">
          <reporter-output>
          </reporter-output>
        </test-method> <!-- logOut -->
        <test-method status="PASS" signature="deleteAllCookies()[pri:0, instance:com.test.TestNgBasics@3e6fa38a]" name="deleteAllCookies" is-config="true" duration-ms="0" started-at="2019-08-16T11:07:41Z" finished-at="2019-08-16T11:07:41Z">
          <reporter-output>
          </reporter-output>
        </test-method> <!-- deleteAllCookies -->
        <test-method status="PASS" signature="closeBrowser()[pri:0, instance:com.test.TestNgBasics@3e6fa38a]" name="closeBrowser" is-config="true" duration-ms="0" started-at="2019-08-16T11:07:41Z" finished-at="2019-08-16T11:07:41Z">
          <reporter-output>
          </reporter-output>
        </test-method> <!-- closeBrowser -->
        <test-method status="PASS" signature="generateTestReport()[pri:0, instance:com.test.TestNgBasics@3e6fa38a]" name="generateTestReport" is-config="true" duration-ms="0" started-at="2019-08-16T11:07:41Z" finished-at="2019-08-16T11:07:41Z">
          <reporter-output>
          </reporter-output>
        </test-method> <!-- generateTestReport -->
      </class> <!-- com.test.TestNgBasics -->
      <class name="com.test.TestNgFeatures">
        <test-method status="PASS" signature="loginTest()[pri:0, instance:com.test.TestNgFeatures@3bfdc050]" name="loginTest" duration-ms="0" started-at="2019-08-16T11:07:41Z" finished-at="2019-08-16T11:07:41Z">
          <reporter-output>
          </reporter-output>
        </test-method> <!-- loginTest -->
        <test-method status="PASS" signature="HomePageTest()[pri:0, instance:com.test.TestNgFeatures@3bfdc050]" name="HomePageTest" duration-ms="1" started-at="2019-08-16T11:07:41Z" depends-on-methods="com.test.TestNgFeatures.loginTest" finished-at="2019-08-16T11:07:41Z">
          <reporter-output>
          </reporter-output>
        </test-method> <!-- HomePageTest -->
        <test-method status="PASS" signature="RegisPageTest()[pri:0, instance:com.test.TestNgFeatures@3bfdc050]" name="RegisPageTest" duration-ms="1" started-at="2019-08-16T11:07:41Z" depends-on-methods="com.test.TestNgFeatures.loginTest" finished-at="2019-08-16T11:07:41Z">
          <reporter-output>
          </reporter-output>
        </test-method> <!-- RegisPageTest -->
        <test-method status="PASS" signature="SearchPageTest()[pri:0, instance:com.test.TestNgFeatures@3bfdc050]" name="SearchPageTest" duration-ms="2" started-at="2019-08-16T11:07:41Z" depends-on-methods="com.test.TestNgFeatures.loginTest" finished-at="2019-08-16T11:07:41Z">
          <reporter-output>
          </reporter-output>
        </test-method> <!-- SearchPageTest -->
      </class> <!-- com.test.TestNgFeatures -->
      <class name="com.test.ExceptionTimeOutTest">
        <test-method status="PASS" signature="infintLoopTest()[pri:0, instance:com.test.ExceptionTimeOutTest@66a3ffec]" name="infintLoopTest" duration-ms="20" started-at="2019-08-16T11:05:41Z" finished-at="2019-08-16T11:05:41Z">
          <reporter-output>
          </reporter-output>
        </test-method> <!-- infintLoopTest -->
        <test-method status="PASS" signature="test1()[pri:0, instance:com.test.ExceptionTimeOutTest@66a3ffec]" name="test1" duration-ms="1" started-at="2019-08-16T11:05:41Z" finished-at="2019-08-16T11:05:41Z">
          <exception class="java.lang.NumberFormatException">
            <message>
              <![CDATA[For input string: "100A"]]>
            </message>
            <full-stacktrace>
              <![CDATA[java.lang.NumberFormatException: For input string: "100A"
	at java.lang.NumberFormatException.forInputString(Unknown Source)
	at java.lang.Integer.parseInt(Unknown Source)
	at java.lang.Integer.parseInt(Unknown Source)
	at com.test.ExceptionTimeOutTest.test1(ExceptionTimeOutTest.java:18)
	at sun.reflect.NativeMethodAccessorImpl.invoke0(Native Method)
	at sun.reflect.NativeMethodAccessorImpl.invoke(Unknown Source)
	at sun.reflect.DelegatingMethodAccessorImpl.invoke(Unknown Source)
	at java.lang.reflect.Method.invoke(Unknown Source)
	at org.testng.internal.MethodInvocationHelper.invokeMethod(MethodInvocationHelper.java:86)
	at org.testng.internal.Invoker.invokeMethod(Invoker.java:646)
	at org.testng.internal.Invoker.invokeTestMethod(Invoker.java:823)
	at org.testng.internal.Invoker.invokeTestMethods(Invoker.java:1131)
	at org.testng.internal.TestMethodWorker.invokeTestMethods(TestMethodWorker.java:129)
	at org.testng.internal.TestMethodWorker.run(TestMethodWorker.java:112)
	at org.testng.TestRunner.privateRun(TestRunner.java:778)
	at org.testng.TestRunner.run(TestRunner.java:632)
	at org.testng.SuiteRunner.runTest(SuiteRunner.java:366)
	at org.testng.SuiteRunner.runSequentially(SuiteRunner.java:361)
	at org.testng.SuiteRunner.privateRun(SuiteRunner.java:319)
	at org.testng.SuiteRunner.run(SuiteRunner.java:268)
	at org.testng.SuiteRunnerWorker.runSuite(SuiteRunnerWorker.java:52)
	at org.testng.SuiteRunnerWorker.run(SuiteRunnerWorker.java:86)
	at org.testng.TestNG.runSuitesSequentially(TestNG.java:1225)
	at org.testng.TestNG.runSuitesLocally(TestNG.java:1150)
	at org.testng.TestNG.runSuites(TestNG.java:1075)
	at org.testng.TestNG.run(TestNG.java:1047)
	at org.testng.remote.AbstractRemoteTestNG.run(AbstractRemoteTestNG.java:126)
	at org.testng.remote.RemoteTestNG.initAndRun(RemoteTestNG.java:137)
	at org.testng.remote.RemoteTestNG.main(RemoteTestNG.java:58)
]]>
            </full-stacktrace>
          </exception> <!-- java.lang.NumberFormatException -->
          <reporter-output>
          </reporter-output>
        </test-method> <!-- test1 -->
      </class> <!-- com.test.ExceptionTimeOutTest -->
    </test> <!--  Different testing feature of Test -->
  </suite> <!-- Yahoo App Automation Suite -->
</testng-results>
