<?xml version="1.0" encoding="UTF-8"?>
<!-- Generated by org.testng.reporters.JUnitReportReporter -->
<testsuite hostname="DESKTOP-M990OIV" name="com.parameters.ParameterTest" tests="4" failures="0" timestamp="6 May 2020 09:54:54 GMT" time="0.006" errors="1">
  <testcase name="mobileSignCarLoan" time="0.001" classname="com.parameters.ParameterTest"/>
  <testcase name="mobileSignCarLoan" time="0.004" classname="com.parameters.ParameterTest"/>
  <testcase name="mobileSignCarLoan" time="0.001" classname="com.parameters.ParameterTest"/>
  <testcase name="yahooLoginTest" time="0.000" classname="com.parameters.ParameterTest">
    <error type="org.testng.TestNGException" message="
Parameter &#039;browser&#039; is required by @Test on method yahooLoginTest but has not been marked @Optional or defined
in C:\Users\pc\AppData\Local\Temp\testng-eclipse--881697359\testng-customsuite.xml">
      <![CDATA[org.testng.TestNGException: 
Parameter 'browser' is required by @Test on method yahooLoginTest but has not been marked @Optional or defined
in C:\Users\pc\AppData\Local\Temp\testng-eclipse--881697359\testng-customsuite.xml
	at org.testng.internal.Parameters.createParameters(Parameters.java:154)
	at org.testng.internal.Parameters.createParameters(Parameters.java:361)
	at org.testng.internal.Parameters.handleParameters(Parameters.java:451)
	at org.testng.internal.Invoker.handleParameters(Invoker.java:1276)
	at org.testng.internal.Invoker.createParameters(Invoker.java:991)
	at org.testng.internal.Invoker.invokeTestMethods(Invoker.java:1081)
	at org.testng.internal.TestMethodWorker.invokeTestMethods(TestMethodWorker.java:129)
	at org.testng.internal.TestMethodWorker.run(TestMethodWorker.java:112)
	at org.testng.TestRunner.privateRun(TestRunner.java:782)
	at org.testng.TestRunner.run(TestRunner.java:632)
	at org.testng.SuiteRunner.runTest(SuiteRunner.java:366)
	at org.testng.SuiteRunner.runSequentially(SuiteRunner.java:361)
	at org.testng.SuiteRunner.privateRun(SuiteRunner.java:319)
	at org.testng.SuiteRunner.run(SuiteRunner.java:268)
	at org.testng.SuiteRunnerWorker.runSuite(SuiteRunnerWorker.java:52)
	at org.testng.SuiteRunnerWorker.run(SuiteRunnerWorker.java:86)
	at org.testng.TestNG.runSuitesSequentially(TestNG.java:1244)
	at org.testng.TestNG.runSuitesLocally(TestNG.java:1169)
	at org.testng.TestNG.run(TestNG.java:1064)
	at org.testng.remote.RemoteTestNG.run(RemoteTestNG.java:113)
	at org.testng.remote.RemoteTestNG.initAndRun(RemoteTestNG.java:206)
	at org.testng.remote.RemoteTestNG.main(RemoteTestNG.java:177)
]]>
    </error>
  </testcase> <!-- yahooLoginTest -->
</testsuite> <!-- com.parameters.ParameterTest -->
